<?xml version="1.0" encoding="UTF-8"?>
<!-- Generated by org.testng.reporters.JUnitReportReporter -->
<testsuite hostname="God-Mode" failures="0" tests="3" name="TestRunner.Runner" time="8.508" errors="0" timestamp="2025-01-25T16:17:44 IST" skipped="0">
  <testcase classname="TestRunner.Runner" name="runScenario" time="1.468"/>
  <system-out/>
  <testcase classname="TestRunner.Runner" name="runScenario" time="5.704"/>
  <system-out/>
  <testcase classname="TestRunner.Runner" name="runScenario" time="1.336"/>
  <system-out/>
</testsuite> <!-- TestRunner.Runner -->
