<?xml version="1.0" encoding="UTF-8"?>
<!-- Generated by org.testng.reporters.JUnitReportReporter -->
<testsuite hostname="DESKTOP-LCK03BF" failures="0" tests="4" name="TestRunner.Runner" time="10.352" errors="0" timestamp="2025-01-25T16:36:16 IST" skipped="0">
  <testcase classname="TestRunner.Runner" name="runScenario" time="1.167"/>
  <system-out/>
  <testcase classname="TestRunner.Runner" name="runScenario" time="0.245"/>
  <system-out/>
  <testcase classname="TestRunner.Runner" name="runScenario" time="7.608"/>
  <system-out/>
  <testcase classname="TestRunner.Runner" name="runScenario" time="1.332"/>
  <system-out/>
</testsuite> <!-- TestRunner.Runner -->
