<?xml version="1.0" encoding="UTF-8"?>
<!-- Generated by org.testng.reporters.JUnitReportReporter -->
<testsuite hostname="DESKTOP-PKL9QEF" failures="0" tests="1" name="TestRunner.Runner" time="8.723" errors="0" timestamp="2025-01-25T14:21:41 IST" skipped="0">
  <testcase classname="TestRunner.Runner" name="runScenario" time="8.723"/>
  <system-out/>
</testsuite> <!-- TestRunner.Runner -->
