<?xml version="1.0" encoding="UTF-8"?>
<!-- Generated by org.testng.reporters.JUnitReportReporter -->
<testsuite hostname="DESKTOP-E1ISR78" failures="0" tests="2" name="TestRunner.Runner" time="7.147" errors="0" timestamp="2025-01-25T15:51:32 IST" skipped="0">
  <testcase classname="TestRunner.Runner" name="runScenario" time="0.799"/>
  <system-out/>
  <testcase classname="TestRunner.Runner" name="runScenario" time="6.348"/>
  <system-out/>
</testsuite> <!-- TestRunner.Runner -->
